{"/Users/giulianaolmos/Desktop/Giuli/Code/TrueNorth/serverless-backend-truenorth/src/helper/handleRecords.js": {"path":"/Users/giulianaolmos/Desktop/Giuli/Code/TrueNorth/serverless-backend-truenorth/src/helper/handleRecords.js","statementMap":{"0":{"start":{"line":1,"column":12},"end":{"line":1,"column":30}},"1":{"start":{"line":3,"column":17},"end":{"line":3,"column":50}},"2":{"start":{"line":19,"column":2},"end":{"line":34,"column":3}},"3":{"start":{"line":20,"column":19},"end":{"line":23,"column":5}},"4":{"start":{"line":24,"column":4},"end":{"line":24,"column":41}},"5":{"start":{"line":26,"column":4},"end":{"line":26,"column":78}},"6":{"start":{"line":27,"column":4},"end":{"line":27,"column":18}},"7":{"start":{"line":29,"column":4},"end":{"line":32,"column":6}},"8":{"start":{"line":33,"column":4},"end":{"line":33,"column":16}},"9":{"start":{"line":38,"column":2},"end":{"line":56,"column":3}},"10":{"start":{"line":39,"column":19},"end":{"line":45,"column":5}},"11":{"start":{"line":47,"column":17},"end":{"line":47,"column":54}},"12":{"start":{"line":48,"column":4},"end":{"line":48,"column":78}},"13":{"start":{"line":49,"column":4},"end":{"line":49,"column":22}},"14":{"start":{"line":51,"column":4},"end":{"line":54,"column":6}},"15":{"start":{"line":55,"column":4},"end":{"line":55,"column":16}},"16":{"start":{"line":60,"column":2},"end":{"line":84,"column":3}},"17":{"start":{"line":61,"column":19},"end":{"line":72,"column":5}},"18":{"start":{"line":74,"column":4},"end":{"line":74,"column":44}},"19":{"start":{"line":75,"column":4},"end":{"line":77,"column":6}},"20":{"start":{"line":79,"column":4},"end":{"line":82,"column":6}},"21":{"start":{"line":83,"column":4},"end":{"line":83,"column":16}},"22":{"start":{"line":88,"column":0},"end":{"line":88,"column":75}}},"fnMap":{"0":{"name":"createRecord","decl":{"start":{"line":18,"column":15},"end":{"line":18,"column":27}},"loc":{"start":{"line":18,"column":36},"end":{"line":35,"column":1}},"line":18},"1":{"name":"getAllRecordsByUserId","decl":{"start":{"line":37,"column":15},"end":{"line":37,"column":36}},"loc":{"start":{"line":37,"column":45},"end":{"line":57,"column":1}},"line":37},"2":{"name":"deleteRecordById","decl":{"start":{"line":59,"column":15},"end":{"line":59,"column":31}},"loc":{"start":{"line":59,"column":50},"end":{"line":85,"column":1}},"line":59}},"branchMap":{},"s":{"0":4,"1":4,"2":1,"3":1,"4":1,"5":1,"6":1,"7":0,"8":0,"9":1,"10":1,"11":1,"12":1,"13":1,"14":0,"15":0,"16":1,"17":1,"18":1,"19":1,"20":0,"21":0,"22":4},"f":{"0":1,"1":1,"2":1},"b":{},"_coverageSchema":"1a1c01bbd47fc00a2c39e90264f33305004495a9","hash":"cc11a8dd112908a2a2b7a504a78e8da825eb488e"}
,"/Users/giulianaolmos/Desktop/Giuli/Code/TrueNorth/serverless-backend-truenorth/src/helper/handleUsers.js": {"path":"/Users/giulianaolmos/Desktop/Giuli/Code/TrueNorth/serverless-backend-truenorth/src/helper/handleUsers.js","statementMap":{"0":{"start":{"line":1,"column":12},"end":{"line":1,"column":30}},"1":{"start":{"line":3,"column":17},"end":{"line":3,"column":50}},"2":{"start":{"line":17,"column":17},"end":{"line":22,"column":3}},"3":{"start":{"line":24,"column":2},"end":{"line":30,"column":3}},"4":{"start":{"line":25,"column":17},"end":{"line":25,"column":53}},"5":{"start":{"line":27,"column":4},"end":{"line":27,"column":21}},"6":{"start":{"line":29,"column":4},"end":{"line":29,"column":67}},"7":{"start":{"line":34,"column":2},"end":{"line":57,"column":3}},"8":{"start":{"line":35,"column":19},"end":{"line":45,"column":5}},"9":{"start":{"line":47,"column":4},"end":{"line":47,"column":48}},"10":{"start":{"line":48,"column":4},"end":{"line":48,"column":44}},"11":{"start":{"line":50,"column":4},"end":{"line":50,"column":64}},"12":{"start":{"line":52,"column":4},"end":{"line":55,"column":6}},"13":{"start":{"line":56,"column":4},"end":{"line":56,"column":16}},"14":{"start":{"line":60,"column":0},"end":{"line":60,"column":52}}},"fnMap":{"0":{"name":"getUserById","decl":{"start":{"line":16,"column":15},"end":{"line":16,"column":26}},"loc":{"start":{"line":16,"column":35},"end":{"line":31,"column":1}},"line":16},"1":{"name":"updateUserBalance","decl":{"start":{"line":33,"column":15},"end":{"line":33,"column":32}},"loc":{"start":{"line":33,"column":53},"end":{"line":58,"column":1}},"line":33}},"branchMap":{},"s":{"0":4,"1":4,"2":1,"3":1,"4":1,"5":1,"6":0,"7":1,"8":1,"9":1,"10":1,"11":1,"12":0,"13":0,"14":4},"f":{"0":1,"1":1},"b":{},"_coverageSchema":"1a1c01bbd47fc00a2c39e90264f33305004495a9","hash":"a9d889db0cfa0056089c56bc07477c9734f37480"}
,"/Users/giulianaolmos/Desktop/Giuli/Code/TrueNorth/serverless-backend-truenorth/src/helper/utils.js": {"path":"/Users/giulianaolmos/Desktop/Giuli/Code/TrueNorth/serverless-backend-truenorth/src/helper/utils.js","statementMap":{"0":{"start":{"line":1,"column":16},"end":{"line":4,"column":1}},"1":{"start":{"line":6,"column":0},"end":{"line":6,"column":29}}},"fnMap":{},"branchMap":{},"s":{"0":5,"1":5},"f":{},"b":{},"_coverageSchema":"1a1c01bbd47fc00a2c39e90264f33305004495a9","hash":"139c018b89b9469ce387d78f71bf64c6deced790"}
,"/Users/giulianaolmos/Desktop/Giuli/Code/TrueNorth/serverless-backend-truenorth/src/lambdas/deleteRecords.js": {"path":"/Users/giulianaolmos/Desktop/Giuli/Code/TrueNorth/serverless-backend-truenorth/src/lambdas/deleteRecords.js","statementMap":{"0":{"start":{"line":3,"column":29},"end":{"line":3,"column":63}},"1":{"start":{"line":4,"column":20},"end":{"line":4,"column":49}},"2":{"start":{"line":11,"column":0},"end":{"line":43,"column":2}},"3":{"start":{"line":12,"column":31},"end":{"line":12,"column":53}},"4":{"start":{"line":14,"column":2},"end":{"line":42,"column":3}},"5":{"start":{"line":15,"column":4},"end":{"line":15,"column":45}},"6":{"start":{"line":17,"column":4},"end":{"line":28,"column":6}},"7":{"start":{"line":30,"column":4},"end":{"line":41,"column":6}}},"fnMap":{"0":{"name":"(anonymous_0)","decl":{"start":{"line":11,"column":25},"end":{"line":11,"column":26}},"loc":{"start":{"line":11,"column":42},"end":{"line":43,"column":1}},"line":11}},"branchMap":{},"s":{"0":1,"1":1,"2":1,"3":2,"4":2,"5":2,"6":1,"7":1},"f":{"0":2},"b":{},"_coverageSchema":"1a1c01bbd47fc00a2c39e90264f33305004495a9","hash":"53f0370a1fc42933727496399145e9421bda5bfd"}
,"/Users/giulianaolmos/Desktop/Giuli/Code/TrueNorth/serverless-backend-truenorth/src/lambdas/getRecords.js": {"path":"/Users/giulianaolmos/Desktop/Giuli/Code/TrueNorth/serverless-backend-truenorth/src/lambdas/getRecords.js","statementMap":{"0":{"start":{"line":3,"column":34},"end":{"line":3,"column":68}},"1":{"start":{"line":4,"column":20},"end":{"line":4,"column":49}},"2":{"start":{"line":11,"column":0},"end":{"line":47,"column":2}},"3":{"start":{"line":12,"column":21},"end":{"line":12,"column":43}},"4":{"start":{"line":13,"column":2},"end":{"line":46,"column":3}},"5":{"start":{"line":14,"column":20},"end":{"line":14,"column":55}},"6":{"start":{"line":16,"column":30},"end":{"line":18,"column":5}},"7":{"start":{"line":17,"column":18},"end":{"line":17,"column":43}},"8":{"start":{"line":20,"column":4},"end":{"line":31,"column":6}},"9":{"start":{"line":33,"column":4},"end":{"line":33,"column":23}},"10":{"start":{"line":34,"column":4},"end":{"line":45,"column":6}}},"fnMap":{"0":{"name":"(anonymous_0)","decl":{"start":{"line":11,"column":25},"end":{"line":11,"column":26}},"loc":{"start":{"line":11,"column":42},"end":{"line":47,"column":1}},"line":11},"1":{"name":"(anonymous_1)","decl":{"start":{"line":17,"column":6},"end":{"line":17,"column":7}},"loc":{"start":{"line":17,"column":18},"end":{"line":17,"column":43}},"line":17}},"branchMap":{},"s":{"0":1,"1":1,"2":1,"3":2,"4":2,"5":2,"6":1,"7":3,"8":1,"9":1,"10":1},"f":{"0":2,"1":3},"b":{},"_coverageSchema":"1a1c01bbd47fc00a2c39e90264f33305004495a9","hash":"1e4a6cdecaa677621438e88eb749166d20d73487"}
,"/Users/giulianaolmos/Desktop/Giuli/Code/TrueNorth/serverless-backend-truenorth/src/lambdas/getUserData.js": {"path":"/Users/giulianaolmos/Desktop/Giuli/Code/TrueNorth/serverless-backend-truenorth/src/lambdas/getUserData.js","statementMap":{"0":{"start":{"line":3,"column":17},"end":{"line":3,"column":37}},"1":{"start":{"line":4,"column":24},"end":{"line":4,"column":56}},"2":{"start":{"line":5,"column":20},"end":{"line":5,"column":49}},"3":{"start":{"line":14,"column":0},"end":{"line":52,"column":2}},"4":{"start":{"line":15,"column":2},"end":{"line":15,"column":37}},"5":{"start":{"line":17,"column":20},"end":{"line":17,"column":42}},"6":{"start":{"line":19,"column":15},"end":{"line":19,"column":45}},"7":{"start":{"line":20,"column":2},"end":{"line":20,"column":34}},"8":{"start":{"line":22,"column":2},"end":{"line":51,"column":3}},"9":{"start":{"line":23,"column":17},"end":{"line":23,"column":49}},"10":{"start":{"line":24,"column":4},"end":{"line":24,"column":26}},"11":{"start":{"line":26,"column":4},"end":{"line":37,"column":6}},"12":{"start":{"line":39,"column":4},"end":{"line":50,"column":6}}},"fnMap":{"0":{"name":"(anonymous_0)","decl":{"start":{"line":14,"column":25},"end":{"line":14,"column":26}},"loc":{"start":{"line":14,"column":42},"end":{"line":52,"column":1}},"line":14}},"branchMap":{},"s":{"0":1,"1":1,"2":1,"3":1,"4":2,"5":2,"6":2,"7":2,"8":2,"9":2,"10":1,"11":1,"12":1},"f":{"0":2},"b":{},"_coverageSchema":"1a1c01bbd47fc00a2c39e90264f33305004495a9","hash":"2857dbd365340cce3d05b619ec91f4bf473c545a"}
,"/Users/giulianaolmos/Desktop/Giuli/Code/TrueNorth/serverless-backend-truenorth/src/lambdas/login.js": {"path":"/Users/giulianaolmos/Desktop/Giuli/Code/TrueNorth/serverless-backend-truenorth/src/lambdas/login.js","statementMap":{"0":{"start":{"line":3,"column":17},"end":{"line":3,"column":37}},"1":{"start":{"line":4,"column":24},"end":{"line":4,"column":56}},"2":{"start":{"line":5,"column":20},"end":{"line":5,"column":49}},"3":{"start":{"line":14,"column":0},"end":{"line":85,"column":2}},"4":{"start":{"line":15,"column":2},"end":{"line":15,"column":37}},"5":{"start":{"line":17,"column":30},"end":{"line":17,"column":52}},"6":{"start":{"line":19,"column":15},"end":{"line":19,"column":45}},"7":{"start":{"line":20,"column":2},"end":{"line":20,"column":34}},"8":{"start":{"line":22,"column":23},"end":{"line":22,"column":56}},"9":{"start":{"line":23,"column":2},"end":{"line":23,"column":46}},"10":{"start":{"line":25,"column":2},"end":{"line":84,"column":3}},"11":{"start":{"line":26,"column":17},"end":{"line":26,"column":49}},"12":{"start":{"line":27,"column":4},"end":{"line":27,"column":26}},"13":{"start":{"line":29,"column":4},"end":{"line":37,"column":5}},"14":{"start":{"line":30,"column":6},"end":{"line":36,"column":8}},"15":{"start":{"line":39,"column":4},"end":{"line":47,"column":5}},"16":{"start":{"line":40,"column":6},"end":{"line":46,"column":8}},"17":{"start":{"line":49,"column":4},"end":{"line":57,"column":5}},"18":{"start":{"line":50,"column":6},"end":{"line":56,"column":8}},"19":{"start":{"line":59,"column":4},"end":{"line":70,"column":6}},"20":{"start":{"line":72,"column":4},"end":{"line":83,"column":6}}},"fnMap":{"0":{"name":"(anonymous_0)","decl":{"start":{"line":14,"column":25},"end":{"line":14,"column":26}},"loc":{"start":{"line":14,"column":42},"end":{"line":85,"column":1}},"line":14}},"branchMap":{"0":{"loc":{"start":{"line":29,"column":4},"end":{"line":37,"column":5}},"type":"if","locations":[{"start":{"line":29,"column":4},"end":{"line":37,"column":5}},{"start":{},"end":{}}],"line":29},"1":{"loc":{"start":{"line":39,"column":4},"end":{"line":47,"column":5}},"type":"if","locations":[{"start":{"line":39,"column":4},"end":{"line":47,"column":5}},{"start":{},"end":{}}],"line":39},"2":{"loc":{"start":{"line":49,"column":4},"end":{"line":57,"column":5}},"type":"if","locations":[{"start":{"line":49,"column":4},"end":{"line":57,"column":5}},{"start":{},"end":{}}],"line":49}},"s":{"0":1,"1":1,"2":1,"3":1,"4":4,"5":4,"6":4,"7":4,"8":4,"9":4,"10":4,"11":4,"12":4,"13":4,"14":1,"15":3,"16":1,"17":2,"18":1,"19":1,"20":0},"f":{"0":4},"b":{"0":[1,3],"1":[1,2],"2":[1,1]},"_coverageSchema":"1a1c01bbd47fc00a2c39e90264f33305004495a9","hash":"570e54052c552c4c9d3bd6072f2598fe6e62a5b4"}
,"/Users/giulianaolmos/Desktop/Giuli/Code/TrueNorth/serverless-backend-truenorth/src/lambdas/newOperation.js": {"path":"/Users/giulianaolmos/Desktop/Giuli/Code/TrueNorth/serverless-backend-truenorth/src/lambdas/newOperation.js","statementMap":{"0":{"start":{"line":3,"column":14},"end":{"line":3,"column":30}},"1":{"start":{"line":4,"column":23},"end":{"line":4,"column":38}},"2":{"start":{"line":5,"column":30},"end":{"line":5,"column":62}},"3":{"start":{"line":6,"column":25},"end":{"line":6,"column":59}},"4":{"start":{"line":7,"column":20},"end":{"line":7,"column":49}},"5":{"start":{"line":10,"column":53},"end":{"line":10,"column":75}},"6":{"start":{"line":14,"column":2},"end":{"line":63,"column":3}},"7":{"start":{"line":15,"column":4},"end":{"line":51,"column":5}},"8":{"start":{"line":17,"column":8},"end":{"line":17,"column":35}},"9":{"start":{"line":18,"column":8},"end":{"line":18,"column":14}},"10":{"start":{"line":20,"column":8},"end":{"line":20,"column":35}},"11":{"start":{"line":21,"column":8},"end":{"line":21,"column":14}},"12":{"start":{"line":23,"column":8},"end":{"line":23,"column":35}},"13":{"start":{"line":24,"column":8},"end":{"line":24,"column":14}},"14":{"start":{"line":26,"column":8},"end":{"line":28,"column":9}},"15":{"start":{"line":27,"column":10},"end":{"line":27,"column":61}},"16":{"start":{"line":29,"column":8},"end":{"line":29,"column":35}},"17":{"start":{"line":30,"column":8},"end":{"line":30,"column":14}},"18":{"start":{"line":32,"column":8},"end":{"line":34,"column":9}},"19":{"start":{"line":33,"column":10},"end":{"line":33,"column":75}},"20":{"start":{"line":35,"column":8},"end":{"line":35,"column":36}},"21":{"start":{"line":36,"column":8},"end":{"line":36,"column":14}},"22":{"start":{"line":38,"column":8},"end":{"line":47,"column":13}},"23":{"start":{"line":43,"column":12},"end":{"line":43,"column":42}},"24":{"start":{"line":46,"column":12},"end":{"line":46,"column":33}},"25":{"start":{"line":48,"column":8},"end":{"line":48,"column":14}},"26":{"start":{"line":50,"column":8},"end":{"line":50,"column":63}},"27":{"start":{"line":53,"column":4},"end":{"line":53,"column":36}},"28":{"start":{"line":55,"column":4},"end":{"line":60,"column":6}},"29":{"start":{"line":62,"column":4},"end":{"line":62,"column":16}},"30":{"start":{"line":84,"column":0},"end":{"line":139,"column":2}},"31":{"start":{"line":85,"column":2},"end":{"line":138,"column":3}},"32":{"start":{"line":86,"column":49},"end":{"line":86,"column":77}},"33":{"start":{"line":88,"column":4},"end":{"line":88,"column":54}},"34":{"start":{"line":90,"column":19},"end":{"line":98,"column":5}},"35":{"start":{"line":100,"column":21},"end":{"line":103,"column":5}},"36":{"start":{"line":105,"column":4},"end":{"line":105,"column":32}},"37":{"start":{"line":107,"column":21},"end":{"line":110,"column":5}},"38":{"start":{"line":112,"column":4},"end":{"line":123,"column":6}},"39":{"start":{"line":125,"column":4},"end":{"line":125,"column":23}},"40":{"start":{"line":126,"column":4},"end":{"line":137,"column":6}}},"fnMap":{"0":{"name":"handleOperation","decl":{"start":{"line":9,"column":15},"end":{"line":9,"column":30}},"loc":{"start":{"line":9,"column":38},"end":{"line":64,"column":1}},"line":9},"1":{"name":"(anonymous_1)","decl":{"start":{"line":42,"column":16},"end":{"line":42,"column":17}},"loc":{"start":{"line":42,"column":30},"end":{"line":44,"column":11}},"line":42},"2":{"name":"(anonymous_2)","decl":{"start":{"line":45,"column":17},"end":{"line":45,"column":18}},"loc":{"start":{"line":45,"column":28},"end":{"line":47,"column":11}},"line":45},"3":{"name":"(anonymous_3)","decl":{"start":{"line":84,"column":25},"end":{"line":84,"column":26}},"loc":{"start":{"line":84,"column":42},"end":{"line":139,"column":1}},"line":84}},"branchMap":{"0":{"loc":{"start":{"line":15,"column":4},"end":{"line":51,"column":5}},"type":"switch","locations":[{"start":{"line":16,"column":6},"end":{"line":18,"column":14}},{"start":{"line":19,"column":6},"end":{"line":21,"column":14}},{"start":{"line":22,"column":6},"end":{"line":24,"column":14}},{"start":{"line":25,"column":6},"end":{"line":30,"column":14}},{"start":{"line":31,"column":6},"end":{"line":36,"column":14}},{"start":{"line":37,"column":6},"end":{"line":48,"column":14}},{"start":{"line":49,"column":6},"end":{"line":50,"column":63}}],"line":15},"1":{"loc":{"start":{"line":26,"column":8},"end":{"line":28,"column":9}},"type":"if","locations":[{"start":{"line":26,"column":8},"end":{"line":28,"column":9}},{"start":{},"end":{}}],"line":26},"2":{"loc":{"start":{"line":32,"column":8},"end":{"line":34,"column":9}},"type":"if","locations":[{"start":{"line":32,"column":8},"end":{"line":34,"column":9}},{"start":{},"end":{}}],"line":32}},"s":{"0":1,"1":1,"2":1,"3":1,"4":1,"5":3,"6":3,"7":3,"8":2,"9":2,"10":0,"11":0,"12":0,"13":0,"14":0,"15":0,"16":0,"17":0,"18":0,"19":0,"20":0,"21":0,"22":1,"23":1,"24":0,"25":1,"26":0,"27":3,"28":3,"29":0,"30":1,"31":3,"32":3,"33":3,"34":3,"35":3,"36":3,"37":2,"38":2,"39":1,"40":1},"f":{"0":3,"1":1,"2":0,"3":3},"b":{"0":[2,0,0,0,0,1,0],"1":[0,0],"2":[0,0]},"_coverageSchema":"1a1c01bbd47fc00a2c39e90264f33305004495a9","hash":"2418fd733102f5a9c969f58f3357a02ecb1ca434"}
}
