TN:
SF:src/helper/handleRecords.js
FN:18,createRecord
FN:37,getAllRecordsByUserId
FN:59,deleteRecordById
FNF:3
FNH:3
FNDA:1,createRecord
FNDA:1,getAllRecordsByUserId
FNDA:1,deleteRecordById
DA:1,4
DA:3,4
DA:19,1
DA:20,1
DA:24,1
DA:26,1
DA:27,1
DA:29,0
DA:33,0
DA:38,1
DA:39,1
DA:47,1
DA:48,1
DA:49,1
DA:51,0
DA:55,0
DA:60,1
DA:61,1
DA:74,1
DA:75,1
DA:79,0
DA:83,0
DA:88,4
LF:23
LH:17
BRF:0
BRH:0
end_of_record
TN:
SF:src/helper/handleUsers.js
FN:16,getUserById
FN:33,updateUserBalance
FNF:2
FNH:2
FNDA:1,getUserById
FNDA:1,updateUserBalance
DA:1,4
DA:3,4
DA:17,1
DA:24,1
DA:25,1
DA:27,1
DA:29,0
DA:34,1
DA:35,1
DA:47,1
DA:48,1
DA:50,1
DA:52,0
DA:56,0
DA:60,4
LF:15
LH:12
BRF:0
BRH:0
end_of_record
TN:
SF:src/helper/utils.js
FNF:0
FNH:0
DA:1,5
DA:6,5
LF:2
LH:2
BRF:0
BRH:0
end_of_record
TN:
SF:src/lambdas/deleteRecords.js
FN:11,(anonymous_0)
FNF:1
FNH:1
FNDA:2,(anonymous_0)
DA:3,1
DA:4,1
DA:11,1
DA:12,2
DA:14,2
DA:15,2
DA:17,1
DA:30,1
LF:8
LH:8
BRF:0
BRH:0
end_of_record
TN:
SF:src/lambdas/getRecords.js
FN:11,(anonymous_0)
FN:17,(anonymous_1)
FNF:2
FNH:2
FNDA:2,(anonymous_0)
FNDA:3,(anonymous_1)
DA:3,1
DA:4,1
DA:11,1
DA:12,2
DA:13,2
DA:14,2
DA:16,1
DA:17,3
DA:20,1
DA:33,1
DA:34,1
LF:11
LH:11
BRF:0
BRH:0
end_of_record
TN:
SF:src/lambdas/getUserData.js
FN:14,(anonymous_0)
FNF:1
FNH:1
FNDA:2,(anonymous_0)
DA:3,1
DA:4,1
DA:5,1
DA:14,1
DA:15,2
DA:17,2
DA:19,2
DA:20,2
DA:22,2
DA:23,2
DA:24,1
DA:26,1
DA:39,1
LF:13
LH:13
BRF:0
BRH:0
end_of_record
TN:
SF:src/lambdas/login.js
FN:14,(anonymous_0)
FNF:1
FNH:1
FNDA:4,(anonymous_0)
DA:3,1
DA:4,1
DA:5,1
DA:14,1
DA:15,4
DA:17,4
DA:19,4
DA:20,4
DA:22,4
DA:23,4
DA:25,4
DA:26,4
DA:27,4
DA:29,4
DA:30,1
DA:39,3
DA:40,1
DA:49,2
DA:50,1
DA:59,1
DA:72,0
LF:21
LH:20
BRDA:29,0,0,1
BRDA:29,0,1,3
BRDA:39,1,0,1
BRDA:39,1,1,2
BRDA:49,2,0,1
BRDA:49,2,1,1
BRF:6
BRH:6
end_of_record
TN:
SF:src/lambdas/newOperation.js
FN:9,handleOperation
FN:42,(anonymous_1)
FN:45,(anonymous_2)
FN:84,(anonymous_3)
FNF:4
FNH:3
FNDA:3,handleOperation
FNDA:1,(anonymous_1)
FNDA:0,(anonymous_2)
FNDA:3,(anonymous_3)
DA:3,1
DA:4,1
DA:5,1
DA:6,1
DA:7,1
DA:10,3
DA:14,3
DA:15,3
DA:17,2
DA:18,2
DA:20,0
DA:21,0
DA:23,0
DA:24,0
DA:26,0
DA:27,0
DA:29,0
DA:30,0
DA:32,0
DA:33,0
DA:35,0
DA:36,0
DA:38,1
DA:43,1
DA:46,0
DA:48,1
DA:50,0
DA:53,3
DA:55,3
DA:62,0
DA:84,1
DA:85,3
DA:86,3
DA:88,3
DA:90,3
DA:100,3
DA:105,3
DA:107,2
DA:112,2
DA:125,1
DA:126,1
LF:41
LH:26
BRDA:15,0,0,2
BRDA:15,0,1,0
BRDA:15,0,2,0
BRDA:15,0,3,0
BRDA:15,0,4,0
BRDA:15,0,5,1
BRDA:15,0,6,0
BRDA:26,1,0,0
BRDA:26,1,1,0
BRDA:32,2,0,0
BRDA:32,2,1,0
BRF:11
BRH:2
end_of_record
